  [1m[36m (100.4ms)[0m  [1mCREATE TABLE "schema_migrations" ("version" varchar(255) NOT NULL) [0m
  [1m[35m (0.2ms)[0m  select sqlite_version(*)
  [1m[36m (99.5ms)[0m  [1mCREATE UNIQUE INDEX "unique_schema_migrations" ON "schema_migrations" ("version")[0m
  [1m[35mActiveRecord::SchemaMigration Load (0.2ms)[0m  SELECT "schema_migrations".* FROM "schema_migrations"
Migrating to CreateUsers (20141105170509)
  [1m[36m (0.2ms)[0m  [1mbegin transaction[0m
  [1m[35m (0.4ms)[0m  CREATE TABLE "users" ("id" INTEGER PRIMARY KEY AUTOINCREMENT NOT NULL, "name" varchar(255), "provider" varchar(255), "uid" varchar(255), "created_at" datetime, "updated_at" datetime) 
  [1m[36mSQL (0.2ms)[0m  [1mINSERT INTO "schema_migrations" ("version") VALUES (?)[0m  [["version", "20141105170509"]]
  [1m[35m (97.6ms)[0m  commit transaction
  [1m[36mActiveRecord::SchemaMigration Load (0.1ms)[0m  [1mSELECT "schema_migrations".* FROM "schema_migrations"[0m
  [1m[36mActiveRecord::SchemaMigration Load (0.1ms)[0m  [1mSELECT "schema_migrations".* FROM "schema_migrations"[0m
  [1m[35mActiveRecord::SchemaMigration Load (0.1ms)[0m  SELECT "schema_migrations".* FROM "schema_migrations"
  [1m[36mActiveRecord::SchemaMigration Load (0.1ms)[0m  [1mSELECT "schema_migrations".* FROM "schema_migrations"[0m


Started GET "/" for 127.0.0.1 at 2014-11-05 22:40:59 +0530
  [1m[36mActiveRecord::SchemaMigration Load (0.1ms)[0m  [1mSELECT "schema_migrations".* FROM "schema_migrations"[0m
Processing by VisitorsController#index as HTML
  [1m[35m (0.1ms)[0m  SELECT COUNT(*) FROM "users"
  Rendered visitors/index.html.erb within layouts/application (5.9ms)
  Rendered layouts/_navigation_links.html.erb (0.8ms)
  Rendered layouts/_navigation.html.haml (5.7ms)
  Rendered layouts/_messages.html.haml (3.0ms)
Completed 200 OK in 3482ms (Views: 3469.6ms | ActiveRecord: 0.5ms)


Started GET "/" for 127.0.0.1 at 2014-11-05 22:43:29 +0530
  [1m[36mActiveRecord::SchemaMigration Load (0.1ms)[0m  [1mSELECT "schema_migrations".* FROM "schema_migrations"[0m
Processing by VisitorsController#index as HTML
  [1m[35m (0.1ms)[0m  SELECT COUNT(*) FROM "users"
  Rendered visitors/index.html.erb within layouts/application (5.3ms)
  Rendered layouts/_navigation_links.html.erb (0.7ms)
  Rendered layouts/_navigation.html.haml (5.7ms)
  Rendered layouts/_messages.html.haml (2.8ms)
Completed 200 OK in 291ms (Views: 281.0ms | ActiveRecord: 0.5ms)


Started GET "/" for 127.0.0.1 at 2014-11-05 22:44:21 +0530
  [1m[36mActiveRecord::SchemaMigration Load (0.1ms)[0m  [1mSELECT "schema_migrations".* FROM "schema_migrations"[0m
Processing by VisitorsController#index as HTML
  [1m[35m (0.1ms)[0m  SELECT COUNT(*) FROM "users"
  Rendered visitors/index.html.erb within layouts/application (7.2ms)
  Rendered layouts/_navigation_links.html.erb (0.7ms)
  Rendered layouts/_navigation.html.haml (5.5ms)
  Rendered layouts/_messages.html.haml (2.6ms)
Completed 200 OK in 297ms (Views: 286.8ms | ActiveRecord: 0.6ms)


Started GET "/signin" for 127.0.0.1 at 2014-11-05 22:44:23 +0530
Processing by SessionsController#new as HTML
Redirected to http://localhost:3000/auth/google_oauth2
Completed 302 Found in 2ms (ActiveRecord: 0.0ms)


Started GET "/auth/google_oauth2" for 127.0.0.1 at 2014-11-05 22:44:23 +0530


Started GET "/signin" for 127.0.0.1 at 2014-11-05 22:44:23 +0530
Processing by SessionsController#new as HTML
Redirected to http://localhost:3000/auth/google_oauth2
Completed 302 Found in 1ms (ActiveRecord: 0.0ms)


Started GET "/auth/google_oauth2" for 127.0.0.1 at 2014-11-05 22:44:23 +0530


Started GET "/" for 127.0.0.1 at 2014-11-05 22:44:34 +0530
Processing by VisitorsController#index as HTML
  [1m[36m (0.2ms)[0m  [1mSELECT COUNT(*) FROM "users"[0m
  Rendered visitors/index.html.erb within layouts/application (1.5ms)
  Rendered layouts/_navigation_links.html.erb (0.1ms)
  Rendered layouts/_navigation.html.haml (1.0ms)
  Rendered layouts/_messages.html.haml (0.1ms)
Completed 200 OK in 154ms (Views: 152.8ms | ActiveRecord: 0.2ms)


Started GET "/signin" for 127.0.0.1 at 2014-11-05 22:44:35 +0530
Processing by SessionsController#new as HTML
Redirected to http://localhost:3000/auth/google_oauth2
Completed 302 Found in 1ms (ActiveRecord: 0.0ms)


Started GET "/auth/google_oauth2" for 127.0.0.1 at 2014-11-05 22:44:35 +0530


Started GET "/signin" for 127.0.0.1 at 2014-11-05 22:44:35 +0530
Processing by SessionsController#new as HTML
Redirected to http://localhost:3000/auth/google_oauth2
Completed 302 Found in 1ms (ActiveRecord: 0.0ms)


Started GET "/auth/google_oauth2" for 127.0.0.1 at 2014-11-05 22:44:35 +0530


Started GET "/" for 127.0.0.1 at 2014-11-05 22:46:07 +0530
  [1m[36mActiveRecord::SchemaMigration Load (0.2ms)[0m  [1mSELECT "schema_migrations".* FROM "schema_migrations"[0m
Processing by VisitorsController#index as HTML
  [1m[35m (0.1ms)[0m  SELECT COUNT(*) FROM "users"
  Rendered visitors/index.html.erb within layouts/application (7.1ms)
  Rendered layouts/_navigation_links.html.erb (0.8ms)
  Rendered layouts/_navigation.html.haml (5.7ms)
  Rendered layouts/_messages.html.haml (2.5ms)
Completed 200 OK in 307ms (Views: 296.3ms | ActiveRecord: 0.6ms)


Started GET "/" for 127.0.0.1 at 2014-11-05 22:46:09 +0530
Processing by VisitorsController#index as HTML
  [1m[36m (0.2ms)[0m  [1mSELECT COUNT(*) FROM "users"[0m
  Rendered visitors/index.html.erb within layouts/application (1.2ms)
  Rendered layouts/_navigation_links.html.erb (0.2ms)
  Rendered layouts/_navigation.html.haml (1.6ms)
  Rendered layouts/_messages.html.haml (0.2ms)
Completed 200 OK in 204ms (Views: 203.4ms | ActiveRecord: 0.2ms)


Started GET "/signin" for 127.0.0.1 at 2014-11-05 22:46:11 +0530
Processing by SessionsController#new as HTML
Redirected to http://localhost:3000/auth/google_oauth2
Completed 302 Found in 2ms (ActiveRecord: 0.0ms)


Started GET "/auth/google_oauth2" for 127.0.0.1 at 2014-11-05 22:46:11 +0530


Started GET "/signin" for 127.0.0.1 at 2014-11-05 22:46:11 +0530
Processing by SessionsController#new as HTML
Redirected to http://localhost:3000/auth/google_oauth2
Completed 302 Found in 1ms (ActiveRecord: 0.0ms)


Started GET "/auth/google_oauth2" for 127.0.0.1 at 2014-11-05 22:46:11 +0530


Started GET "/" for 127.0.0.1 at 2014-11-05 22:47:16 +0530
Processing by VisitorsController#index as HTML
  [1m[35m (0.3ms)[0m  SELECT COUNT(*) FROM "users"
  Rendered visitors/index.html.erb within layouts/application (1.9ms)
  Rendered layouts/_navigation_links.html.erb (0.1ms)
  Rendered layouts/_navigation.html.haml (1.1ms)
  Rendered layouts/_messages.html.haml (0.2ms)
Completed 200 OK in 150ms (Views: 148.5ms | ActiveRecord: 0.3ms)


Started GET "/signin" for 127.0.0.1 at 2014-11-05 22:47:17 +0530
Processing by SessionsController#new as HTML
Redirected to http://localhost:3000/auth/google_oauth2
Completed 302 Found in 2ms (ActiveRecord: 0.0ms)


Started GET "/auth/google_oauth2" for 127.0.0.1 at 2014-11-05 22:47:18 +0530


Started GET "/signin" for 127.0.0.1 at 2014-11-05 22:47:18 +0530
Processing by SessionsController#new as HTML
Redirected to http://localhost:3000/auth/google_oauth2
Completed 302 Found in 1ms (ActiveRecord: 0.0ms)


Started GET "/auth/google_oauth2" for 127.0.0.1 at 2014-11-05 22:47:18 +0530


Started GET "/" for 127.0.0.1 at 2014-11-05 22:47:43 +0530
Processing by VisitorsController#index as HTML
  [1m[36m (0.2ms)[0m  [1mSELECT COUNT(*) FROM "users"[0m
  Rendered visitors/index.html.erb within layouts/application (1.3ms)
  Rendered layouts/_navigation_links.html.erb (0.2ms)
  Rendered layouts/_navigation.html.haml (1.1ms)
  Rendered layouts/_messages.html.haml (0.1ms)
Completed 200 OK in 163ms (Views: 162.5ms | ActiveRecord: 0.2ms)


Started GET "/" for 127.0.0.1 at 2014-11-05 22:47:46 +0530
Processing by VisitorsController#index as HTML
  [1m[35m (0.3ms)[0m  SELECT COUNT(*) FROM "users"
  Rendered visitors/index.html.erb within layouts/application (1.8ms)
  Rendered layouts/_navigation_links.html.erb (0.1ms)
  Rendered layouts/_navigation.html.haml (1.0ms)
  Rendered layouts/_messages.html.haml (0.1ms)
Completed 200 OK in 135ms (Views: 134.2ms | ActiveRecord: 0.3ms)


Started GET "/signin" for 127.0.0.1 at 2014-11-05 22:47:48 +0530
Processing by SessionsController#new as HTML
Redirected to http://localhost:3000/auth/google_oauth2
Completed 302 Found in 2ms (ActiveRecord: 0.0ms)


Started GET "/auth/google_oauth2" for 127.0.0.1 at 2014-11-05 22:47:48 +0530


Started GET "/signin" for 127.0.0.1 at 2014-11-05 22:47:48 +0530
Processing by SessionsController#new as HTML
Redirected to http://localhost:3000/auth/google_oauth2
Completed 302 Found in 1ms (ActiveRecord: 0.0ms)


Started GET "/auth/google_oauth2" for 127.0.0.1 at 2014-11-05 22:47:48 +0530


Started GET "/" for 127.0.0.1 at 2014-11-05 22:47:58 +0530
  [1m[36mActiveRecord::SchemaMigration Load (0.1ms)[0m  [1mSELECT "schema_migrations".* FROM "schema_migrations"[0m
Processing by VisitorsController#index as HTML
  [1m[35m (0.1ms)[0m  SELECT COUNT(*) FROM "users"
  Rendered visitors/index.html.erb within layouts/application (6.9ms)
  Rendered layouts/_navigation_links.html.erb (0.7ms)
  Rendered layouts/_navigation.html.haml (5.6ms)
  Rendered layouts/_messages.html.haml (2.6ms)
Completed 200 OK in 319ms (Views: 308.3ms | ActiveRecord: 0.6ms)


Started GET "/signin" for 127.0.0.1 at 2014-11-05 22:48:01 +0530
Processing by SessionsController#new as HTML
Redirected to http://localhost:3000/auth/google_oauth2
Completed 302 Found in 2ms (ActiveRecord: 0.0ms)


Started GET "/auth/google_oauth2" for 127.0.0.1 at 2014-11-05 22:48:01 +0530


Started GET "/signin" for 127.0.0.1 at 2014-11-05 22:48:01 +0530
Processing by SessionsController#new as HTML
Redirected to http://localhost:3000/auth/google_oauth2
Completed 302 Found in 2ms (ActiveRecord: 0.0ms)


Started GET "/auth/google_oauth2" for 127.0.0.1 at 2014-11-05 22:48:01 +0530


Started GET "/" for 127.0.0.1 at 2014-11-05 22:52:06 +0530
Processing by VisitorsController#index as HTML
  [1m[36m (0.1ms)[0m  [1mSELECT COUNT(*) FROM "users"[0m
  Rendered visitors/index.html.erb within layouts/application (4.0ms)
  Rendered layouts/_navigation_links.html.erb (0.1ms)
  Rendered layouts/_navigation.html.haml (1.1ms)
  Rendered layouts/_messages.html.haml (0.1ms)
Completed 200 OK in 157ms (Views: 155.9ms | ActiveRecord: 0.7ms)


Started GET "/signin" for 127.0.0.1 at 2014-11-05 22:52:08 +0530
Processing by SessionsController#new as HTML
Redirected to http://localhost:3000/auth/google_oauth2
Completed 302 Found in 1ms (ActiveRecord: 0.0ms)


Started GET "/auth/google_oauth2" for 127.0.0.1 at 2014-11-05 22:52:08 +0530


Started GET "/signin" for 127.0.0.1 at 2014-11-05 22:52:08 +0530
Processing by SessionsController#new as HTML
Redirected to http://localhost:3000/auth/google_oauth2
Completed 302 Found in 1ms (ActiveRecord: 0.0ms)


Started GET "/auth/google_oauth2" for 127.0.0.1 at 2014-11-05 22:52:08 +0530


Started GET "/auth/google_oauth2/callback?state=4ed31d491d1d4edf9d113f0f09b6cca3592c0a986c517abd&code=4/rzlGsRizeLrX7G6Msr8VWPFWnvsLaWp9zIj8rFItm0w.kqQfdkLbzf8ecp7tdiljKKY7dvgBkwI" for 127.0.0.1 at 2014-11-05 22:52:14 +0530
Processing by SessionsController#create as HTML
  Parameters: {"state"=>"4ed31d491d1d4edf9d113f0f09b6cca3592c0a986c517abd", "code"=>"4/rzlGsRizeLrX7G6Msr8VWPFWnvsLaWp9zIj8rFItm0w.kqQfdkLbzf8ecp7tdiljKKY7dvgBkwI"}
  [1m[35mUser Load (0.5ms)[0m  SELECT  "users".* FROM "users"  WHERE "users"."provider" = 'google_oauth2' AND "users"."uid" = '118350975817366064714'  ORDER BY "users"."id" ASC LIMIT 1
  [1m[36m (0.2ms)[0m  [1mbegin transaction[0m
  [1m[35mSQL (0.7ms)[0m  INSERT INTO "users" ("created_at", "name", "provider", "uid", "updated_at") VALUES (?, ?, ?, ?, ?)  [["created_at", "2014-11-05 17:22:16.391572"], ["name", "Sahil Shekhawat"], ["provider", "google_oauth2"], ["uid", "118350975817366064714"], ["updated_at", "2014-11-05 17:22:16.391572"]]
  [1m[36m (178.4ms)[0m  [1mcommit transaction[0m
Redirected to http://localhost:3000/
Completed 302 Found in 256ms (ActiveRecord: 179.8ms)


Started GET "/" for 127.0.0.1 at 2014-11-05 22:52:16 +0530
Processing by VisitorsController#index as HTML
  [1m[35m (0.3ms)[0m  SELECT COUNT(*) FROM "users"
  Rendered visitors/index.html.erb within layouts/application (1.8ms)
  [1m[36mUser Load (0.3ms)[0m  [1mSELECT  "users".* FROM "users"  WHERE "users"."id" = ? LIMIT 1[0m  [["id", 1]]
  Rendered layouts/_navigation_links.html.erb (1.4ms)
  Rendered layouts/_navigation.html.haml (2.4ms)
  Rendered layouts/_messages.html.haml (0.3ms)
Completed 200 OK in 153ms (Views: 151.6ms | ActiveRecord: 0.5ms)


Started GET "/users" for 127.0.0.1 at 2014-11-05 22:52:22 +0530
Processing by UsersController#index as HTML
  [1m[35mUser Load (0.2ms)[0m  SELECT  "users".* FROM "users"  WHERE "users"."id" = ? LIMIT 1  [["id", 1]]
  [1m[36mUser Load (0.3ms)[0m  [1mSELECT "users".* FROM "users"[0m
  Rendered users/_user.html.erb (1.9ms)
  Rendered users/index.html.erb within layouts/application (5.3ms)
  Rendered layouts/_navigation_links.html.erb (1.4ms)
  Rendered layouts/_navigation.html.haml (8.6ms)
  Rendered layouts/_messages.html.haml (5.4ms)
Completed 200 OK in 154ms (Views: 151.3ms | ActiveRecord: 0.5ms)
